#
# There is insufficient memory for the Java Runtime Environment to continue.
# Native memory allocation (mmap) failed to map 264241152 bytes for G1 virtual space
# Possible reasons:
#   The system is out of physical RAM or swap space
#   The process is running with CompressedOops enabled, and the Java Heap may be blocking the growth of the native heap
# Possible solutions:
#   Reduce memory load on the system
#   Increase physical memory or swap space
#   Check if swap backing store is full
#   Decrease Java heap size (-Xmx/-Xms)
#   Decrease number of Java threads
#   Decrease Java thread stack sizes (-Xss)
#   Set larger code cache with -XX:ReservedCodeCacheSize=
#   JVM is running with Zero Based Compressed Oops mode in which the Java heap is
#     placed in the first 32GB address space. The Java Heap base address is the
#     maximum limit for the native heap growth. Please use -XX:HeapBaseMinAddress
#     to set the Java Heap base and to place the Java Heap above 32GB virtual address.
# This output file may be truncated or incomplete.
#
#  Out of Memory Error (os_windows.cpp:3771), pid=7572, tid=20076
#
# JRE version:  (17.0.7) (build )
# Java VM: OpenJDK 64-Bit Server VM (17.0.7+0-b2043.56-10550314, mixed mode, sharing, tiered, compressed oops, compressed class ptrs, g1 gc, windows-amd64)
# No core dump will be written. Minidumps are not enabled by default on client versions of Windows
#

---------------  S U M M A R Y ------------

Command Line: git4idea.http.GitAskPassApp Username for 'https://github.com': 

Host: 11th Gen Intel(R) Core(TM) i7-1165G7 @ 2.80GHz, 8 cores, 15G,  Windows 11 , 64 bit Build 22621 (10.0.22621.2506)
Time: Mon Feb  5 10:25:46 2024 India Standard Time elapsed time: 0.011888 seconds (0d 0h 0m 0s)

---------------  T H R E A D  ---------------

Current thread (0x0000014669133440):  JavaThread "Unknown thread" [_thread_in_vm, id=20076, stack(0x0000000e0b700000,0x0000000e0b800000)]

Stack: [0x0000000e0b700000,0x0000000e0b800000]
Native frames: (J=compiled Java code, j=interpreted, Vv=VM code, C=native code)
V  [jvm.dll+0x683bfa]
V  [jvm.dll+0x8430a4]
V  [jvm.dll+0x8449be]
V  [jvm.dll+0x845023]
V  [jvm.dll+0x24ad2f]
V  [jvm.dll+0x680ac9]
V  [jvm.dll+0x67519a]
V  [jvm.dll+0x30b3cb]
V  [jvm.dll+0x312876]
V  [jvm.dll+0x36221e]
V  [jvm.dll+0x36244f]
V  [jvm.dll+0x2e14a8]
V  [jvm.dll+0x2e2414]
V  [jvm.dll+0x814391]
V  [jvm.dll+0x36ffe1]
V  [jvm.dll+0x7f396c]
V  [jvm.dll+0x3f305f]
V  [jvm.dll+0x3f4b91]
C  [jli.dll+0x528f]
C  [ucrtbase.dll+0x29363]
C  [KERNEL32.DLL+0x1257d]
C  [ntdll.dll+0x5aa58]


---------------  P R O C E S S  ---------------

Threads class SMR info:
_java_thread_list=0x00007ff8be95d098, length=0, elements={
}

Java Threads: ( => current thread )

Other Threads:
  0x000001466919d790 GCTaskThread "GC Thread#0" [stack: 0x0000000e0b800000,0x0000000e0b900000] [id=12512]
  0x00000146691ae2d0 ConcurrentGCThread "G1 Main Marker" [stack: 0x0000000e0b900000,0x0000000e0ba00000] [id=17812]
  0x00000146691afcf0 ConcurrentGCThread "G1 Conc#0" [stack: 0x0000000e0ba00000,0x0000000e0bb00000] [id=1312]

[error occurred during error reporting (printing all threads), id 0xc0000005, EXCEPTION_ACCESS_VIOLATION (0xc0000005) at pc=0x00007ff8be112087]

VM state: not at safepoint (not fully initialized)

VM Mutex/Monitor currently owned by a thread:  ([mutex/lock_event])
[0x000001466912ea60] Heap_lock - owner thread: 0x0000014669133440

Heap address: 0x0000000704000000, size: 4032 MB, Compressed Oops mode: Zero based, Oop shift amount: 3

CDS archive(s) mapped at: [0x0000000000000000-0x0000000000000000-0x0000000000000000), size 0, SharedBaseAddress: 0x0000000800000000, ArchiveRelocationMode: 0.
Narrow klass base: 0x0000000000000000, Narrow klass shift: 0, Narrow klass range: 0x0

GC Precious Log:
<Empty>

Heap:
 garbage-first heap   total 0K, used 0K [0x0000000704000000, 0x0000000800000000)
  region size 2048K, 0 young (0K), 0 survivors (0K)
 Metaspace       used 0K, committed 0K, reserved 0K
  class space    used 0K, committed 0K, reserved 0K

Heap Regions: E=young(eden), S=young(survivor), O=old, HS=humongous(starts), HC=humongous(continues), CS=collection set, F=free, OA=open archive, CA=closed archive, TAMS=top-at-mark-start (previous, next)

Card table byte_map: [0x000001467c110000,0x000001467c8f0000] _byte_map_base: 0x00000146788f0000

Marking Bits (Prev, Next): (CMBitMap*) 0x000001466919dda0, (CMBitMap*) 0x000001466919dde0
 Prev Bits: [0x0000014600000000, 0x0000014603f00000)
 Next Bits: [0x0000014603f00000, 0x0000014607e00000)

GC Heap History (0 events):
No events

Dll operation events (1 events):
Event: 0.006 Loaded shared library C:\Program Files\Android\Android Studio\jbr\bin\java.dll

Deoptimization events (0 events):
No events

Classes unloaded (0 events):
No events

Classes redefined (0 events):
No events

Internal exceptions (0 events):
No events

VM Operations (0 events):
No events

Events (0 events):
No events


Dynamic libraries:
0x00007ff722370000 - 0x00007ff72237a000 	C:\Program Files\Android\Android Studio\jbr\bin\java.exe
0x00007ff978130000 - 0x00007ff978347000 	C:\WINDOWS\SYSTEM32\ntdll.dll
0x00007ff977250000 - 0x00007ff977314000 	C:\WINDOWS\System32\KERNEL32.DLL
0x00007ff975540000 - 0x00007ff9758e6000 	C:\WINDOWS\System32\KERNELBASE.dll
0x00007ff975b10000 - 0x00007ff975c21000 	C:\WINDOWS\System32\ucrtbase.dll
0x00007ff9694a0000 - 0x00007ff9694b7000 	C:\Program Files\Android\Android Studio\jbr\bin\jli.dll
0x00007ff91caa0000 - 0x00007ff91cabb000 	C:\Program Files\Android\Android Studio\jbr\bin\VCRUNTIME140.dll
0x00007ff976330000 - 0x00007ff9764de000 	C:\WINDOWS\System32\USER32.dll
0x00007ff953ab0000 - 0x00007ff953d43000 	C:\WINDOWS\WinSxS\amd64_microsoft.windows.common-controls_6595b64144ccf1df_6.0.22621.2506_none_270c5ae97388e100\COMCTL32.dll
0x00007ff975510000 - 0x00007ff975536000 	C:\WINDOWS\System32\win32u.dll
0x00007ff977a40000 - 0x00007ff977ae7000 	C:\WINDOWS\System32\msvcrt.dll
0x00007ff976600000 - 0x00007ff976629000 	C:\WINDOWS\System32\GDI32.dll
0x00007ff975c30000 - 0x00007ff975d48000 	C:\WINDOWS\System32\gdi32full.dll
0x00007ff975470000 - 0x00007ff97550a000 	C:\WINDOWS\System32\msvcp_win.dll
0x00007ff976070000 - 0x00007ff9760a1000 	C:\WINDOWS\System32\IMM32.DLL
0x00007ff9425f0000 - 0x00007ff9425fc000 	C:\Program Files\Android\Android Studio\jbr\bin\vcruntime140_1.dll
0x00007ff8de0a0000 - 0x00007ff8de12d000 	C:\Program Files\Android\Android Studio\jbr\bin\msvcp140.dll
0x00007ff8bde20000 - 0x00007ff8beaa0000 	C:\Program Files\Android\Android Studio\jbr\bin\server\jvm.dll
0x00007ff9767f0000 - 0x00007ff9768a3000 	C:\WINDOWS\System32\ADVAPI32.dll
0x00007ff976280000 - 0x00007ff976328000 	C:\WINDOWS\System32\sechost.dll
0x00007ff975ae0000 - 0x00007ff975b08000 	C:\WINDOWS\System32\bcrypt.dll
0x00007ff9764e0000 - 0x00007ff9765f7000 	C:\WINDOWS\System32\RPCRT4.dll
0x00007ff96e210000 - 0x00007ff96e21a000 	C:\WINDOWS\SYSTEM32\VERSION.dll
0x00007ff96e1c0000 - 0x00007ff96e1f4000 	C:\WINDOWS\SYSTEM32\WINMM.dll
0x00007ff94c470000 - 0x00007ff94c479000 	C:\WINDOWS\SYSTEM32\WSOCK32.dll
0x00007ff9778c0000 - 0x00007ff977931000 	C:\WINDOWS\System32\WS2_32.dll
0x00007ff9744a0000 - 0x00007ff9744b8000 	C:\WINDOWS\SYSTEM32\kernel.appcore.dll
0x00007ff970760000 - 0x00007ff97076a000 	C:\Program Files\Android\Android Studio\jbr\bin\jimage.dll
0x00007ff972d80000 - 0x00007ff972fb3000 	C:\WINDOWS\SYSTEM32\DBGHELP.DLL
0x00007ff977520000 - 0x00007ff9778a9000 	C:\WINDOWS\System32\combase.dll
0x00007ff977160000 - 0x00007ff977237000 	C:\WINDOWS\System32\OLEAUT32.dll
0x00007ff950280000 - 0x00007ff9502b2000 	C:\WINDOWS\SYSTEM32\dbgcore.DLL
0x00007ff9758f0000 - 0x00007ff97596a000 	C:\WINDOWS\System32\bcryptPrimitives.dll
0x00007ff96a950000 - 0x00007ff96a975000 	C:\Program Files\Android\Android Studio\jbr\bin\java.dll

dbghelp: loaded successfully - version: 4.0.5 - missing functions: none
symbol engine: initialized successfully - sym options: 0x614 - pdb path: .;C:\Program Files\Android\Android Studio\jbr\bin;C:\WINDOWS\SYSTEM32;C:\WINDOWS\WinSxS\amd64_microsoft.windows.common-controls_6595b64144ccf1df_6.0.22621.2506_none_270c5ae97388e100;C:\Program Files\Android\Android Studio\jbr\bin\server

VM Arguments:
java_command: git4idea.http.GitAskPassApp Username for 'https://github.com': 
java_class_path (initial): C:/Program Files/Android/Android Studio/plugins/vcs-git/lib/git4idea-rt.jar;C:/Program Files/Android/Android Studio/lib/externalProcess-rt.jar
Launcher Type: SUN_STANDARD

[Global flags]
     intx CICompilerCount                          = 4                                         {product} {ergonomic}
     uint ConcGCThreads                            = 2                                         {product} {ergonomic}
     uint G1ConcRefinementThreads                  = 8                                         {product} {ergonomic}
   size_t G1HeapRegionSize                         = 2097152                                   {product} {ergonomic}
    uintx GCDrainStackTargetSize                   = 64                                        {product} {ergonomic}
   size_t InitialHeapSize                          = 264241152                                 {product} {ergonomic}
   size_t MarkStackSize                            = 4194304                                   {product} {ergonomic}
   size_t MaxHeapSize                              = 4227858432                                {product} {ergonomic}
   size_t MinHeapDeltaBytes                        = 2097152                                   {product} {ergonomic}
   size_t MinHeapSize                              = 8388608                                   {product} {ergonomic}
    uintx NonNMethodCodeHeapSize                   = 5839372                                {pd product} {ergonomic}
    uintx NonProfiledCodeHeapSize                  = 122909434                              {pd product} {ergonomic}
    uintx ProfiledCodeHeapSize                     = 122909434                              {pd product} {ergonomic}
    uintx ReservedCodeCacheSize                    = 251658240                              {pd product} {ergonomic}
     bool SegmentedCodeCache                       = true                                      {product} {ergonomic}
   size_t SoftMaxHeapSize                          = 4227858432                             {manageable} {ergonomic}
     bool UseCompressedClassPointers               = true                           {product lp64_product} {ergonomic}
     bool UseCompressedOops                        = true                           {product lp64_product} {ergonomic}
     bool UseG1GC                                  = true                                      {product} {ergonomic}
     bool UseLargePagesIndividualAllocation        = false                                  {pd product} {ergonomic}

Logging:
Log output configuration:
 #0: stdout all=warning uptime,level,tags
 #1: stderr all=off uptime,level,tags

Environment Variables:
JAVA_HOME=C:\Program Files\Java\jdk-18.0.2.1
PATH=C:/Program Files/Git/mingw64/libexec/git-core;C:/Program Files/Git/mingw64/libexec/git-core;C:\Program Files\Git\mingw64\bin;C:\Program Files\Git\usr\bin;C:\Users\SYED JAVITH\bin;C:\app\WINDOWS.X64_213000_db_home\bin;C:\Program Files\Common Files\Oracle\Java\javapath;C:\WINDOWS\system32;C:\WINDOWS;C:\WINDOWS\System32\Wbem;C:\WINDOWS\System32\WindowsPowerShell\v1.0\;C:\WINDOWS\System32\OpenSSH\;C:\Program Files\Java\jdk-18.0.2.1\bin;C:\Program Files\kotlin\kotlinc\bin;C:\Program Files\php-8.2.1;C:\Program Files\MongoDB\Server\6.0\bin;C:\mongosh-1.6.2-win32-x64\bin;C:\Users\SYED JAVITH\AppData\Roaming\npm\node_modules\heroku\bin;C:\Program Files\Redis;C:\Program Files\Python311;C:\Users\SYED JAVITH\AppData\Local\Programs\Python\Python311\Scripts\;C:\Users\SYED JAVITH\AppData\Local\Programs\Python\Python311\;C:\Users\SYED JAVITH\.console-ninja\.bin;C:\Users\SYED JAVITH\AppData\Local\Microsoft\WindowsApps;C:\Program Files (x86)\php;C:\Users\SYED JAVITH\AppData\Local\Programs\Hyper\resources\bin;C:\Users\SYED JAVITH\AppData\Roaming\npm;C:\Program Files\heroku\bin;C:\src\flutter\flutter\bin;C:\Users\SYED JAVITH\App;C:\Program Files\MySQL\MySQL Server 8.0\bin;C:\Program Files\Npcap;C:\Program Files (x86)\Nmap;C:\ProgramData\chocolatey\bin;C:\Program Files\Git\cmd;C:\Program Files\nodejs\;C:\Program Files\Docker\Docker\resources\bin;C:\Users\SYED JAVITH\AppData\Local\Programs\Python\Python311\Scripts\;C:\Users\SYED JAVITH\AppData\Local\Programs\Python\Python311\;C:\Users\SYED JAVITH\.console-ninja\.bin;C:\Users\SYED JAVITH\AppData\Local\Microsoft\WindowsApps;C:\Program Files (x86)\php;C:\Users\SYED JAVITH\AppData\Local\Programs\Hyper\resources\bin;C:\Users\SYED JAVITH\AppData\Local\Programs\Git\cmd;C:\Program Files\heroku\bin;C:\Users\SYED JAVITH\AppData\Roaming\npm\node_modules\heroku\bin;C:\src\flutter\flutter\bin;C:\Users\SYED JAVITH\AppData\Local\Microsoft\WindowsApps;C:\Users\SYED JAVITH\Microsoft VS Code\bin;C:\Users\SYED JAVITH\AppData\Local\atom\bin;C:\tools\dart-
USERNAME=SYED JAVITH
DISPLAY=:0.0
LC_ALL=en_US.UTF-8
TERM=xterm-256color
TMPDIR=C:\Users\SYEDJA~1\AppData\Local\Temp
OS=Windows_NT
PROCESSOR_IDENTIFIER=Intel64 Family 6 Model 140 Stepping 1, GenuineIntel
TMP=C:\Users\SYEDJA~1\AppData\Local\Temp
TEMP=C:\Users\SYEDJA~1\AppData\Local\Temp


JNI global refs:
JNI global refs: 0, weak refs: 0

JNI global refs memory usage: 0, weak refs: 0

OOME stack traces (most recent first):
Classloader memory used:


---------------  S Y S T E M  ---------------

OS:
 Windows 11 , 64 bit Build 22621 (10.0.22621.2506)
OS uptime: 0 days 1:31 hours
Hyper-V role detected

CPU: total 8 (initial active 8) (4 cores per cpu, 2 threads per core) family 6 model 140 stepping 1 microcode 0xac, cx8, cmov, fxsr, ht, mmx, 3dnowpref, sse, sse2, sse3, ssse3, sse4.1, sse4.2, popcnt, lzcnt, tsc, tscinvbit, avx, avx2, aes, erms, clmul, bmi1, bmi2, adx, avx512f, avx512dq, avx512cd, avx512bw, avx512vl, sha, fma, vzeroupper, avx512_vpopcntdq, avx512_vpclmulqdq, avx512_vaes, avx512_vnni, clflush, clflushopt, clwb, avx512_vbmi2, avx512_vbmi, hv

Memory: 4k page, system-wide physical 16124M (2052M free)
TotalPageFile size 16124M (AvailPageFile size 227M)
current process WorkingSet (physical memory assigned to process): 11M, peak: 11M
current process commit charge ("private bytes"): 60M, peak: 312M

vm_info: OpenJDK 64-Bit Server VM (17.0.7+0-b2043.56-10550314) for windows-amd64 JRE (17.0.7+0-b2043.56-10550314), built on Jul 24 2023 18:27:45 by "androidbuild" with MS VC++ 16.10 / 16.11 (VS2019)

END.
